Arguments: 
  C:\Program Files\nodejs\node.exe C:\Users\Gramener\AppData\Roaming\npm\node_modules\yarn\bin\yarn.js init

PATH: 
  C:\Program Files (x86)\Intel\iCLS Client\;C:\Program Files\Intel\iCLS Client\;C:\WINDOWS\system32;C:\WINDOWS;C:\WINDOWS\System32\Wbem;C:\WINDOWS\System32\WindowsPowerShell\v1.0\;C:\Program Files (x86)\Intel\Intel(R) Management Engine Components\DAL;C:\Program Files\Intel\Intel(R) Management Engine Components\DAL;C:\Program Files (x86)\Intel\Intel(R) Management Engine Components\IPT;C:\Program Files\Intel\Intel(R) Management Engine Components\IPT;C:\Program Files (x86)\ATI Technologies\ATI.ACE\Core-Static;C:\Program Files (x86)\Common Files\lenovo\easyplussdk\bin;C:\TC\TC\BIN;C:\TC\TC;C:\Program Files\nodejs\;C:\WINDOWS\System32\OpenSSH\;C:\Program Files\Intel\WiFi\bin\;C:\Program Files\Common Files\Intel\WirelessCommon\;C:\Users\Gramener\AppData\Local\Programs\Python\Python36-32;C:\Users\Gramener\AppData\Local\Continuum\Anaconda2;C:\Program Files\Git\bin;C:\Users\Gramener\AppData\Local\Continuum\Anaconda2;C:\Users\Gramener\AppData\Local\Continuum\Anaconda2\Scripts;C:\Users\Gramener\AppData\Local\Continuum\Anaconda2\Library\bin;C:\Users\Gramener\AppData\Local\Microsoft\WindowsApps;C:\Users\Gramener\AppData\Roaming\npm;C:\Users\Gramener\AppData\Local\Programs\Python\Python36-32;C:\Users\Gramener\AppData\Local\Programs\Microsoft VS Code\bin;C:\Users\Gramener\AppData\Local\GitHubDesktop\bin;C:\Program Files\Git\bin;

Yarn version: 
  1.7.0

Node version: 
  8.9.4

Platform: 
  win32 x64

Trace: 
  Error: canceled
      at Interface.<anonymous> (C:\Users\Gramener\AppData\Roaming\npm\node_modules\yarn\lib\cli.js:131036:13)
      at emitNone (events.js:106:13)
      at Interface.emit (events.js:208:7)
      at Interface._ttyWrite (readline.js:775:16)
      at ReadStream.onkeypress (readline.js:160:10)
      at emitTwo (events.js:126:13)
      at ReadStream.emit (events.js:214:7)
      at emitKeys (internal/readline.js:420:14)
      at emitKeys.next (<anonymous>)
      at ReadStream.onData (readline.js:1011:36)

npm manifest: 
  No manifest

yarn manifest: 
  No manifest

Lockfile: 
  No lockfile
